android/app/build/outputs/mapping/release/seeds.txt
com.facebook.react.devsupport.WebsocketJavaScriptExecutor
org.jitsi.meet.sdk.BroadcastEvent$Type: java.lang.String CONFERENCE_WILL_JOIN_NAME
androidx.fragment.app.Fragment: android.view.View getAnimatingAway()
org.jitsi.meet.R$dimen: int notification_small_icon_size_as_large
com.horcrux.svg.R$layout: int abc_popup_menu_header_item_layout
okhttp3.internal.http2.Http2Connection: void setSettings(okhttp3.internal.http2.Settings)
androidx.fragment.app.Fragment: void setAllowEnterTransitionOverlap(boolean)
okhttp3.CacheControl: boolean noCache()
org.webrtc.EncodedImage$Builder: org.webrtc.EncodedImage$Builder setQp(java.lang.Integer)
okhttp3.CipherSuite: okhttp3.CipherSuite TLS_ECDH_RSA_WITH_AES_256_CBC_SHA
org.webrtc.PeerConnection$RTCConfiguration: boolean disableIpv6
org.webrtc.MediaConstraints: java.util.List getOptional()
com.horcrux.svg.R$id: int action_image
okhttp3.internal.http2.Huffman$Node: Huffman$Node()
okhttp3.internal.huc.OkHttpURLConnection$NetworkInterceptor
org.jitsi.meet.R$id: int scrollView
okhttp3.RequestBody$3: java.io.File val$file
org.jitsi.meet.sdk.JitsiMeetConferenceOptions: java.net.URL getServerURL()
com.facebook.react.modules.accessibilityinfo.AccessibilityInfoModule: android.database.ContentObserver animationScaleObserver
androidx.lifecycle.Lifecycle$State: androidx.lifecycle.Lifecycle$State[] values()
org.jitsi.meet.R$raw: int node_modules_csstree_node_modules_mdndata_css_syntaxes
org.webrtc.Camera2Session: org.webrtc.Histogram camera2ResolutionHistogram
okio.Buffer: okio.BufferedSink writeUtf8CodePoint(int)
org.webrtc.HardwareVideoEncoder$YuvFormat: HardwareVideoEncoder$YuvFormat(java.lang.String,int)
com.facebook.react.devsupport.DevServerHelper$1$4: void onDisconnected()
okhttp3.HttpUrl$Builder: int slashCount(java.lang.String,int,int)
com.horcrux.svg.R$styleable: int GradientColorItem_android_offset
com.facebook.react.views.drawer.ReactDrawerLayoutManager: void receiveCommand(com.facebook.react.views.drawer.ReactDrawerLayout,int,com.facebook.react.bridge.ReadableArray)
okhttp3.Cache$Entry: java.lang.String message
com.horcrux.svg.TextProperties$FontVariantLigatures: com.horcrux.svg.TextProperties$FontVariantLigatures valueOf(java.lang.String)
org.webrtc.HardwareVideoEncoder$1: void run()
com.horcrux.svg.R$styleable: int[] Toolbar
com.facebook.react.devsupport.InspectorPackagerConnection$Connection$1: InspectorPackagerConnection$Connection$1(com.facebook.react.devsupport.InspectorPackagerConnection$Connection)
okio.DeflaterSink: void finishDeflate()
com.facebook.react.devsupport.RedBoxDialog: android.widget.TextView mReportTextView
com.horcrux.svg.R$dimen: int abc_dialog_fixed_height_minor
com.horcrux.svg.R$styleable: int GenericDraweeHierarchy_viewAspectRatio
com.horcrux.svg.RenderableView: void setFillOpacity(float)
com.google.android.gms.internal.measurement.zzbv$zzd: com.google.android.gms.internal.measurement.zzbv$zzd zzi
org.webrtc.voiceengine.WebRtcAudioManager: boolean DEBUG
org.webrtc.RtpTransceiver: org.webrtc.RtpReceiver cachedReceiver
com.horcrux.svg.MarkerView: void setOrient(java.lang.String)
okhttp3.Response$Builder: okhttp3.Response$Builder removeHeader(java.lang.String)
org.jitsi.meet.sdk.R$raw: int node_modules_entities_lib_maps_xml
org.webrtc.voiceengine.WebRtcAudioTrack: void setErrorCallback(org.webrtc.voiceengine.WebRtcAudioTrack$WebRtcAudioTrackErrorCallback)
org.webrtc.YuvConverter: org.webrtc.VideoFrameDrawer videoFrameDrawer
org.webrtc.NetworkMonitorAutoDetect$NetworkState: NetworkMonitorAutoDetect$NetworkState(boolean,int,int,int,int)
com.google.firebase.installations.remote.InstallationResponse$ResponseCode: com.google.firebase.installations.remote.InstallationResponse$ResponseCode valueOf(java.lang.String)
okhttp3.CipherSuite: okhttp3.CipherSuite TLS_DHE_RSA_WITH_CAMELLIA_128_CBC_SHA
org.webrtc.DataChannel$State
com.facebook.react.bridge.ReadableArray: com.facebook.react.bridge.ReadableArray getArray(int)