android/app/build/outputs/mapping/release/usage.txt
com.dropbox.core.v2.team.MembersAddJobStatus
com.oney.WebRTCModule.R$layout
com.horcrux.svg.TextPathView:
    com.horcrux.svg.TextProperties$TextPathMethod getMethod()
    com.horcrux.svg.TextProperties$TextPathSpacing getSpacing()
com.dropbox.core.v2.sharing.UnmountFolderArg
com.dropbox.core.v2.teamlog.SharedContentAddMemberType$Serializer
com.dropbox.core.v2.teamlog.ShowcaseDeleteCommentDetails$Serializer
com.dropbox.core.v2.teamlog.ContextLogInfo$Serializer
com.dropbox.core.v2.teamlog.GeoLocationLogInfo$Serializer
com.facebook.imagepipeline.core.ImagePipeline$1
androidx.lifecycle.Transformations$1
com.dropbox.core.v2.sharing.ShareFolderBuilder
com.dropbox.core.v2.team.ExcludedUsersUpdateResult
com.dropbox.core.v2.sharing.ListFileMembersContinueError$1
com.google.android.gms.auth.api.accounttransfer.zzp
com.dropbox.core.v2.sharing.LinkAction$1
com.dropbox.core.v2.teamlog.CreateFolderDetails$Serializer
com.dropbox.core.v2.teamlog.ShowcaseFileAddedDetails$Serializer
androidx.core.util.TimeUtils:
    public static void formatDuration(long,java.lang.StringBuilder)
    private void <init>()
    public static final int HUNDRED_DAY_FIELD_LEN
    private static final int SECONDS_PER_MINUTE
    private static final int SECONDS_PER_HOUR
    private static final int SECONDS_PER_DAY
kotlin.collections.unsigned.UArraysKt___UArraysKt$withIndex$1
androidx.activity.R$layout
androidx.appcompat.widget.DecorContentParent:
    public abstract java.lang.CharSequence getTitle()
    public abstract void setUiOptions(int)
    public abstract boolean hasIcon()
    public abstract boolean hasLogo()
    public abstract void setIcon(int)
    public abstract void setIcon(android.graphics.drawable.Drawable)
    public abstract void setLogo(int)
    public abstract void saveToolbarHierarchyState(android.util.SparseArray)
    public abstract void restoreToolbarHierarchyState(android.util.SparseArray)
com.dropbox.core.v2.team.DeviceSession$Serializer
androidx.viewpager.R$style
kotlin.time.AbstractDoubleClock
com.dropbox.core.v2.files.SyncSettingArg$Serializer
com.dropbox.core.v2.teamlog.SsoAddCertType
com.dropbox.core.v2.teamlog.FailureDetailsLogInfo$Builder
com.dropbox.core.v2.teamlog.DomainInvitesSetInviteNewUserPrefToNoType
com.facebook.imagepipeline.producers.PostprocessorProducer:
    public static final java.lang.String NAME
    static final java.lang.String POSTPROCESSOR
kotlin.io.FileTreeWalk$FileTreeWalkIterator
com.dropbox.core.v2.filerequests.GetFileRequestArgs$Serializer
com.dropbox.core.v2.sharing.FolderPolicy
com.dropbox.core.v2.team.TeamFolderCreateError$Serializer
kotlin.experimental.BitwiseOperationsKt
com.dropbox.core.v2.fileproperties.UpdateTemplateArg$Serializer
com.dropbox.core.v2.teamlog.ActionDetails$1
com.dropbox.core.v2.teamlog.SmartSyncChangePolicyType
com.dropbox.core.v2.files.DownloadZipArg
com.google.android.gms.common.api.internal.UnregisterListenerMethod:
    protected void <init>(com.google.android.gms.common.api.internal.ListenerHolder$ListenerKey)
    public com.google.android.gms.common.api.internal.ListenerHolder$ListenerKey getListenerKey()
    private final com.google.android.gms.common.api.internal.ListenerHolder$ListenerKey zajl
com.google.android.gms.common.api.internal.TaskUtil
com.dropbox.core.v2.teamlog.AccessMethodLogInfo$1
com.dropbox.core.v2.teamlog.SharedFolderChangeLinkPolicyDetails$Serializer
com.rnimmersive.R$id
com.facebook.imagepipeline.transcoder.JpegTranscoderUtils:
    public void <init>()
    private static final int FULL_ROUND
    public static final int MIN_QUALITY
    public static final int MAX_QUALITY
    public static final int MIN_SCALE_NUMERATOR
    public static final int MAX_SCALE_NUMERATOR
    public static final int SCALE_DENOMINATOR
    public static final int DEFAULT_JPEG_QUALITY
com.google.android.gms.auth.api.AuthProxy:
    public void <init>()